<?xml version="1.0" encoding="UTF-8"?>
<!-- Generated by org.testng.reporters.JUnitXMLReporter -->
<testsuite ignored="2" hostname="supreethballe" failures="0" tests="2" name="Test" time="88.178" errors="0" timestamp="2021-06-07T07:51:07 IST">
  <testcase classname="com.crm.comcast.products.TestNG" name="product" time="35.642"/>
  <testcase classname="com.crm.comcast.products.TestNg1" name="product" time="16.04"/>
  <testcase classname="com.crm.comcast.genericutility.BaseClass" name="@BeforeSuite makeDBConnection" time="0.0">
    <ignored/>
  </testcase> <!-- @BeforeSuite makeDBConnection -->
  <testcase classname="com.crm.comcast.genericutility.BaseClass" name="@AfterSuite closeDBConnection" time="0.0">
    <ignored/>
  </testcase> <!-- @AfterSuite closeDBConnection -->
</testsuite> <!-- Test -->
