<?xml version="1.0" encoding="UTF-8"?>
<testng-results ignored="0" total="2" passed="2" failed="0" skipped="0">
  <reporter-output>
  </reporter-output>
  <suite started-at="2021-06-03T09:31:33 IST" name="Suite" finished-at="2021-06-03T09:32:11 IST" duration-ms="37848">
    <groups>
      <group name="regression">
        <method signature="TestNG3.product()[pri:0, instance:com.crm.comcast.products.TestNG3@1dde4cb2]" name="product" class="com.crm.comcast.products.TestNG3"/>
      </group> <!-- regression -->
      <group name="smokeTest">
        <method signature="TestNG.product()[pri:0, instance:com.crm.comcast.products.TestNG@9353778]" name="product" class="com.crm.comcast.products.TestNG"/>
      </group> <!-- smokeTest -->
    </groups>
    <test started-at="2021-06-03T09:31:33 IST" name="Test2" finished-at="2021-06-03T09:32:09 IST" duration-ms="36553">
      <class name="com.crm.comcast.products.TestNG3">
        <test-method is-config="true" signature="makeDBConnection()[pri:0, instance:com.crm.comcast.products.TestNG3@1dde4cb2]" started-at="2021-06-03T09:31:33 IST" name="makeDBConnection" finished-at="2021-06-03T09:31:33 IST" duration-ms="12" status="PASS">
          <reporter-output>
          </reporter-output>
        </test-method> <!-- makeDBConnection -->
        <test-method is-config="true" signature="launchBrowser(java.lang.String)[pri:0, instance:com.crm.comcast.products.TestNG3@1dde4cb2]" started-at="2021-06-03T09:31:33 IST" name="launchBrowser" finished-at="2021-06-03T09:31:38 IST" duration-ms="4989" status="PASS">
          <params>
            <param index="0">
              <value>
                <![CDATA[Opera]]>
              </value>
            </param>
          </params>
          <reporter-output>
          </reporter-output>
        </test-method> <!-- launchBrowser -->
        <test-method is-config="true" signature="loginToApplication()[pri:0, instance:com.crm.comcast.products.TestNG3@1dde4cb2]" started-at="2021-06-03T09:31:38 IST" name="loginToApplication" finished-at="2021-06-03T09:31:46 IST" duration-ms="7995" status="PASS">
          <reporter-output>
          </reporter-output>
        </test-method> <!-- loginToApplication -->
        <test-method signature="product()[pri:0, instance:com.crm.comcast.products.TestNG3@1dde4cb2]" started-at="2021-06-03T09:31:46 IST" name="product" finished-at="2021-06-03T09:32:06 IST" duration-ms="19878" status="PASS">
          <reporter-output>
          </reporter-output>
        </test-method> <!-- product -->
        <test-method is-config="true" signature="logoutOfApplication()[pri:0, instance:com.crm.comcast.products.TestNG3@1dde4cb2]" started-at="2021-06-03T09:32:06 IST" name="logoutOfApplication" finished-at="2021-06-03T09:32:09 IST" duration-ms="3222" status="PASS">
          <reporter-output>
          </reporter-output>
        </test-method> <!-- logoutOfApplication -->
        <test-method is-config="true" signature="closeBrowser()[pri:0, instance:com.crm.comcast.products.TestNG3@1dde4cb2]" started-at="2021-06-03T09:32:09 IST" name="closeBrowser" finished-at="2021-06-03T09:32:09 IST" duration-ms="425" status="PASS">
          <reporter-output>
          </reporter-output>
        </test-method> <!-- closeBrowser -->
        <test-method is-config="true" signature="closeDBConnection()[pri:0, instance:com.crm.comcast.products.TestNG3@1dde4cb2]" started-at="2021-06-03T09:32:11 IST" name="closeDBConnection" finished-at="2021-06-03T09:32:11 IST" duration-ms="1" status="PASS">
          <reporter-output>
          </reporter-output>
        </test-method> <!-- closeDBConnection -->
      </class> <!-- com.crm.comcast.products.TestNG3 -->
    </test> <!-- Test2 -->
    <test started-at="2021-06-03T09:31:33 IST" name="Test1" finished-at="2021-06-03T09:32:11 IST" duration-ms="37847">
      <class name="com.crm.comcast.products.TestNG">
        <test-method is-config="true" signature="launchBrowser(java.lang.String)[pri:0, instance:com.crm.comcast.products.TestNG@9353778]" started-at="2021-06-03T09:31:33 IST" name="launchBrowser" finished-at="2021-06-03T09:31:38 IST" duration-ms="4893" status="PASS">
          <params>
            <param index="0">
              <value>
                <![CDATA[Opera]]>
              </value>
            </param>
          </params>
          <reporter-output>
          </reporter-output>
        </test-method> <!-- launchBrowser -->
        <test-method is-config="true" signature="loginToApplication()[pri:0, instance:com.crm.comcast.products.TestNG@9353778]" started-at="2021-06-03T09:31:38 IST" name="loginToApplication" finished-at="2021-06-03T09:31:46 IST" duration-ms="7895" status="PASS">
          <reporter-output>
          </reporter-output>
        </test-method> <!-- loginToApplication -->
        <test-method signature="product()[pri:0, instance:com.crm.comcast.products.TestNG@9353778]" started-at="2021-06-03T09:31:46 IST" name="product" finished-at="2021-06-03T09:32:08 IST" duration-ms="21885" status="PASS">
          <reporter-output>
          </reporter-output>
        </test-method> <!-- product -->
        <test-method is-config="true" signature="logoutOfApplication()[pri:0, instance:com.crm.comcast.products.TestNG@9353778]" started-at="2021-06-03T09:32:08 IST" name="logoutOfApplication" finished-at="2021-06-03T09:32:10 IST" duration-ms="2629" status="PASS">
          <reporter-output>
          </reporter-output>
        </test-method> <!-- logoutOfApplication -->
        <test-method is-config="true" signature="closeBrowser()[pri:0, instance:com.crm.comcast.products.TestNG@9353778]" started-at="2021-06-03T09:32:10 IST" name="closeBrowser" finished-at="2021-06-03T09:32:11 IST" duration-ms="470" status="PASS">
          <reporter-output>
          </reporter-output>
        </test-method> <!-- closeBrowser -->
      </class> <!-- com.crm.comcast.products.TestNG -->
    </test> <!-- Test1 -->
  </suite> <!-- Suite -->
</testng-results>
